<?xml version="1.0" encoding="UTF-8"?>
<robot generator="Robot 4.0 (Python 3.9.1 on win32)" generated="20210328 14:41:31.318" rpa="false" schemaversion="2">
<suite id="s1" name="DemoSuite" source="D:\Study\Automation\Robot\RIDEProjects\Demo\DemoSuite.robot">
<test id="s1-t1" name="DemoTestcase">
<kw name="SetupDemo" type="SETUP">
<kw name="Log To Console" library="BuiltIn">
<arg>This is setup method</arg>
<doc>Logs the given message to the console.</doc>
<status status="PASS" starttime="20210328 14:41:32.113" endtime="20210328 14:41:32.114"/>
</kw>
<status status="PASS" starttime="20210328 14:41:32.113" endtime="20210328 14:41:32.114"/>
</kw>
<kw name="Should Be Equal" library="BuiltIn">
<arg>${DemoVariable}</arg>
<arg>${DemoVar2}</arg>
<doc>Fails if the given objects are unequal.</doc>
<status status="PASS" starttime="20210328 14:41:32.114" endtime="20210328 14:41:32.114"/>
</kw>
<kw name="CompareTwoVariables" library="UserDefinedKeywords">
<kw name="Should Be Equal As Integers" library="BuiltIn">
<arg>${Var1}</arg>
<arg>${Var2}</arg>
<doc>Fails if objects are unequal after converting them to integers.</doc>
<status status="PASS" starttime="20210328 14:41:32.115" endtime="20210328 14:41:32.115"/>
</kw>
<status status="PASS" starttime="20210328 14:41:32.115" endtime="20210328 14:41:32.115"/>
</kw>
<kw name="Get Current Date" library="DateTime">
<doc>Returns current local or UTC time with an optional increment.</doc>
<status status="PASS" starttime="20210328 14:41:32.116" endtime="20210328 14:41:32.116"/>
</kw>
<kw name="Log To Console" library="BuiltIn">
<arg>Hello World</arg>
<doc>Logs the given message to the console.</doc>
<status status="PASS" starttime="20210328 14:41:32.116" endtime="20210328 14:41:32.116"/>
</kw>
<kw name="TeardownDemo" type="TEARDOWN">
<kw name="Log To Console" library="BuiltIn">
<arg>This is teardown</arg>
<doc>Logs the given message to the console.</doc>
<status status="PASS" starttime="20210328 14:41:32.117" endtime="20210328 14:41:32.117"/>
</kw>
<status status="PASS" starttime="20210328 14:41:32.117" endtime="20210328 14:41:32.118"/>
</kw>
<doc>This is my first test case. It is used to compare two variables.
Name - *DemoTestCase*
Auther - _Devyani_
Documentation - https://robotframework.org/robotframework/latest/libraries/BuiltIn.html</doc>
<status status="PASS" starttime="20210328 14:41:32.111" endtime="20210328 14:41:32.118"/>
</test>
<status status="PASS" starttime="20210328 14:41:31.321" endtime="20210328 14:41:32.119"/>
</suite>
<statistics>
<total>
<stat pass="1" fail="0" skip="0">All Tests</stat>
</total>
<tag>
</tag>
<suite>
<stat pass="1" fail="0" skip="0" id="s1" name="DemoSuite">DemoSuite</stat>
</suite>
</statistics>
<errors>
</errors>
</robot>
